0 info it worked if it ends with ok
1 verbose cli [ 'C:\\Users\\john_kuo\\AppData\\Local\\.meteor\\packages\\meteor-tool\\1.4.2_5\\mt-os.windows.x86_32\\dev_bundle\\bin\\node.exe',
1 verbose cli   'C:\\Users\\john_kuo\\AppData\\Local\\.meteor\\packages\\meteor-tool\\1.4.2_5\\mt-os.windows.x86_32\\dev_bundle\\lib\\node_modules\\npm\\bin\\npm-cli.js',
1 verbose cli   'install' ]
2 info using npm@4.1.2
3 info using node@v4.7.3
4 silly loadCurrentTree Starting
5 silly install loadCurrentTree
6 silly install readLocalPackageData
7 silly install normalizeTree
8 silly loadCurrentTree Finishing
9 silly loadIdealTree Starting
10 silly install loadIdealTree
11 silly cloneCurrentTree Starting
12 silly install cloneCurrentTreeToIdealTree
13 silly cloneCurrentTree Finishing
14 silly loadShrinkwrap Starting
15 silly install loadShrinkwrap
16 silly loadShrinkwrap Finishing
17 silly loadAllDepsIntoIdealTree Starting
18 silly install loadAllDepsIntoIdealTree
19 silly fetchNamedPackageData web3
20 silly mapToRegistry name web3
21 silly mapToRegistry using default registry
22 silly mapToRegistry registry https://registry.npmjs.org/
23 silly mapToRegistry data Result {
23 silly mapToRegistry   raw: 'web3',
23 silly mapToRegistry   scope: null,
23 silly mapToRegistry   escapedName: 'web3',
23 silly mapToRegistry   name: 'web3',
23 silly mapToRegistry   rawSpec: '',
23 silly mapToRegistry   spec: 'latest',
23 silly mapToRegistry   type: 'tag' }
24 silly mapToRegistry uri https://registry.npmjs.org/web3
25 verbose request uri https://registry.npmjs.org/web3
26 verbose request no auth needed
27 info attempt registry request try #1 at 10:26:11
28 verbose request id 7a779921559fa6d8
29 http request GET https://registry.npmjs.org/web3
30 http 200 https://registry.npmjs.org/web3
31 verbose headers { server: 'nginx/1.10.1',
31 verbose headers   'content-type': 'application/json',
31 verbose headers   'last-modified': 'Tue, 30 May 2017 18:24:07 GMT',
31 verbose headers   etag: 'W/"592db8c7-19310"',
31 verbose headers   'content-encoding': 'gzip',
31 verbose headers   'cache-control': 'max-age=300',
31 verbose headers   'content-length': '7678',
31 verbose headers   'accept-ranges': 'bytes',
31 verbose headers   date: 'Thu, 01 Jun 2017 02:26:11 GMT',
31 verbose headers   via: '1.1 varnish',
31 verbose headers   age: '207',
31 verbose headers   connection: 'keep-alive',
31 verbose headers   'x-served-by': 'cache-itm7426-ITM',
31 verbose headers   'x-cache': 'HIT',
31 verbose headers   'x-cache-hits': '1',
31 verbose headers   'x-timer': 'S1496283972.634575,VS0,VE0',
31 verbose headers   vary: 'Accept-Encoding' }
32 silly get cb [ 200,
32 silly get   { server: 'nginx/1.10.1',
32 silly get     'content-type': 'application/json',
32 silly get     'last-modified': 'Tue, 30 May 2017 18:24:07 GMT',
32 silly get     etag: 'W/"592db8c7-19310"',
32 silly get     'content-encoding': 'gzip',
32 silly get     'cache-control': 'max-age=300',
32 silly get     'content-length': '7678',
32 silly get     'accept-ranges': 'bytes',
32 silly get     date: 'Thu, 01 Jun 2017 02:26:11 GMT',
32 silly get     via: '1.1 varnish',
32 silly get     age: '207',
32 silly get     connection: 'keep-alive',
32 silly get     'x-served-by': 'cache-itm7426-ITM',
32 silly get     'x-cache': 'HIT',
32 silly get     'x-cache-hits': '1',
32 silly get     'x-timer': 'S1496283972.634575,VS0,VE0',
32 silly get     vary: 'Accept-Encoding' } ]
33 verbose get saving web3 to C:\Users\john_kuo\AppData\Local\.meteor\packages\meteor-tool\1.4.2_5\mt-os.windows.x86_32\dev_bundle\.npm\registry.npmjs.org\web3\.cache.json
34 verbose correctMkdir C:\Users\john_kuo\AppData\Local\.meteor\packages\meteor-tool\1.4.2_5\mt-os.windows.x86_32\dev_bundle\.npm correctMkdir not in flight; initializing
35 silly pickManifestFromRegistryMetadata spec >=0.19.0 <0.20.0 tag latest versions [ '0.2.5',
35 silly pickManifestFromRegistryMetadata   '0.2.6',
35 silly pickManifestFromRegistryMetadata   '0.2.7',
35 silly pickManifestFromRegistryMetadata   '0.2.8',
35 silly pickManifestFromRegistryMetadata   '0.3.0',
35 silly pickManifestFromRegistryMetadata   '0.3.1',
35 silly pickManifestFromRegistryMetadata   '0.3.2',
35 silly pickManifestFromRegistryMetadata   '0.3.3',
35 silly pickManifestFromRegistryMetadata   '0.3.4',
35 silly pickManifestFromRegistryMetadata   '0.3.6',
35 silly pickManifestFromRegistryMetadata   '0.4.0',
35 silly pickManifestFromRegistryMetadata   '0.4.1',
35 silly pickManifestFromRegistryMetadata   '0.4.2',
35 silly pickManifestFromRegistryMetadata   '0.4.3',
35 silly pickManifestFromRegistryMetadata   '0.5.0',
35 silly pickManifestFromRegistryMetadata   '0.6.0',
35 silly pickManifestFromRegistryMetadata   '0.7.0',
35 silly pickManifestFromRegistryMetadata   '0.7.1',
35 silly pickManifestFromRegistryMetadata   '0.8.0',
35 silly pickManifestFromRegistryMetadata   '0.8.1',
35 silly pickManifestFromRegistryMetadata   '0.9.0',
35 silly pickManifestFromRegistryMetadata   '0.9.1',
35 silly pickManifestFromRegistryMetadata   '0.9.2',
35 silly pickManifestFromRegistryMetadata   '0.10.0',
35 silly pickManifestFromRegistryMetadata   '0.11.0',
35 silly pickManifestFromRegistryMetadata   '0.12.0',
35 silly pickManifestFromRegistryMetadata   '0.12.1',
35 silly pickManifestFromRegistryMetadata   '0.12.2',
35 silly pickManifestFromRegistryMetadata   '0.13.0',
35 silly pickManifestFromRegistryMetadata   '0.14.0',
35 silly pickManifestFromRegistryMetadata   '0.14.1',
35 silly pickManifestFromRegistryMetadata   '0.15.0',
35 silly pickManifestFromRegistryMetadata   '0.15.1',
35 silly pickManifestFromRegistryMetadata   '0.15.2',
35 silly pickManifestFromRegistryMetadata   '0.15.3',
35 silly pickManifestFromRegistryMetadata   '0.16.0',
35 silly pickManifestFromRegistryMetadata   '0.17.0-alpha',
35 silly pickManifestFromRegistryMetadata   '0.17.0-beta',
35 silly pickManifestFromRegistryMetadata   '0.18.0',
35 silly pickManifestFromRegistryMetadata   '0.18.1',
35 silly pickManifestFromRegistryMetadata   '0.18.2',
35 silly pickManifestFromRegistryMetadata   '0.18.4',
35 silly pickManifestFromRegistryMetadata   '0.19.0' ]
36 silly resolveWithNewModule web3@0.19.0 checking installable status
37 silly cache add args [ 'web3@^0.19.0', null ]
38 verbose cache add spec web3@^0.19.0
39 silly cache add parsed spec Result {
39 silly cache add   raw: 'web3@^0.19.0',
39 silly cache add   scope: null,
39 silly cache add   escapedName: 'web3',
39 silly cache add   name: 'web3',
39 silly cache add   rawSpec: '^0.19.0',
39 silly cache add   spec: '>=0.19.0 <0.20.0',
39 silly cache add   type: 'range' }
40 silly addNamed web3@>=0.19.0 <0.20.0
41 verbose addNamed ">=0.19.0 <0.20.0" is a valid semver range for web3
42 silly addNameRange { name: 'web3', range: '>=0.19.0 <0.20.0', hasData: false }
43 silly mapToRegistry name web3
44 silly mapToRegistry using default registry
45 silly mapToRegistry registry https://registry.npmjs.org/
46 silly mapToRegistry data Result {
46 silly mapToRegistry   raw: 'web3',
46 silly mapToRegistry   scope: null,
46 silly mapToRegistry   escapedName: 'web3',
46 silly mapToRegistry   name: 'web3',
46 silly mapToRegistry   rawSpec: '',
46 silly mapToRegistry   spec: 'latest',
46 silly mapToRegistry   type: 'tag' }
47 silly mapToRegistry uri https://registry.npmjs.org/web3
48 verbose addNameRange registry:https://registry.npmjs.org/web3 not in flight; fetching
49 verbose get https://registry.npmjs.org/web3 not expired, no request
50 silly addNameRange number 2 { name: 'web3', range: '>=0.19.0 <0.20.0', hasData: true }
51 silly addNameRange versions [ 'web3',
51 silly addNameRange   [ '0.2.5',
51 silly addNameRange     '0.2.6',
51 silly addNameRange     '0.2.7',
51 silly addNameRange     '0.2.8',
51 silly addNameRange     '0.3.0',
51 silly addNameRange     '0.3.1',
51 silly addNameRange     '0.3.2',
51 silly addNameRange     '0.3.3',
51 silly addNameRange     '0.3.4',
51 silly addNameRange     '0.3.6',
51 silly addNameRange     '0.4.0',
51 silly addNameRange     '0.4.1',
51 silly addNameRange     '0.4.2',
51 silly addNameRange     '0.4.3',
51 silly addNameRange     '0.5.0',
51 silly addNameRange     '0.6.0',
51 silly addNameRange     '0.7.0',
51 silly addNameRange     '0.7.1',
51 silly addNameRange     '0.8.0',
51 silly addNameRange     '0.8.1',
51 silly addNameRange     '0.9.0',
51 silly addNameRange     '0.9.1',
51 silly addNameRange     '0.9.2',
51 silly addNameRange     '0.10.0',
51 silly addNameRange     '0.11.0',
51 silly addNameRange     '0.12.0',
51 silly addNameRange     '0.12.1',
51 silly addNameRange     '0.12.2',
51 silly addNameRange     '0.13.0',
51 silly addNameRange     '0.14.0',
51 silly addNameRange     '0.14.1',
51 silly addNameRange     '0.15.0',
51 silly addNameRange     '0.15.1',
51 silly addNameRange     '0.15.2',
51 silly addNameRange     '0.15.3',
51 silly addNameRange     '0.16.0',
51 silly addNameRange     '0.17.0-alpha',
51 silly addNameRange     '0.17.0-beta',
51 silly addNameRange     '0.18.0',
51 silly addNameRange     '0.18.1',
51 silly addNameRange     '0.18.2',
51 silly addNameRange     '0.18.4',
51 silly addNameRange     '0.19.0' ] ]
52 silly pickManifestFromRegistryMetadata spec >=0.19.0 <0.20.0 tag latest versions [ '0.2.5',
52 silly pickManifestFromRegistryMetadata   '0.2.6',
52 silly pickManifestFromRegistryMetadata   '0.2.7',
52 silly pickManifestFromRegistryMetadata   '0.2.8',
52 silly pickManifestFromRegistryMetadata   '0.3.0',
52 silly pickManifestFromRegistryMetadata   '0.3.1',
52 silly pickManifestFromRegistryMetadata   '0.3.2',
52 silly pickManifestFromRegistryMetadata   '0.3.3',
52 silly pickManifestFromRegistryMetadata   '0.3.4',
52 silly pickManifestFromRegistryMetadata   '0.3.6',
52 silly pickManifestFromRegistryMetadata   '0.4.0',
52 silly pickManifestFromRegistryMetadata   '0.4.1',
52 silly pickManifestFromRegistryMetadata   '0.4.2',
52 silly pickManifestFromRegistryMetadata   '0.4.3',
52 silly pickManifestFromRegistryMetadata   '0.5.0',
52 silly pickManifestFromRegistryMetadata   '0.6.0',
52 silly pickManifestFromRegistryMetadata   '0.7.0',
52 silly pickManifestFromRegistryMetadata   '0.7.1',
52 silly pickManifestFromRegistryMetadata   '0.8.0',
52 silly pickManifestFromRegistryMetadata   '0.8.1',
52 silly pickManifestFromRegistryMetadata   '0.9.0',
52 silly pickManifestFromRegistryMetadata   '0.9.1',
52 silly pickManifestFromRegistryMetadata   '0.9.2',
52 silly pickManifestFromRegistryMetadata   '0.10.0',
52 silly pickManifestFromRegistryMetadata   '0.11.0',
52 silly pickManifestFromRegistryMetadata   '0.12.0',
52 silly pickManifestFromRegistryMetadata   '0.12.1',
52 silly pickManifestFromRegistryMetadata   '0.12.2',
52 silly pickManifestFromRegistryMetadata   '0.13.0',
52 silly pickManifestFromRegistryMetadata   '0.14.0',
52 silly pickManifestFromRegistryMetadata   '0.14.1',
52 silly pickManifestFromRegistryMetadata   '0.15.0',
52 silly pickManifestFromRegistryMetadata   '0.15.1',
52 silly pickManifestFromRegistryMetadata   '0.15.2',
52 silly pickManifestFromRegistryMetadata   '0.15.3',
52 silly pickManifestFromRegistryMetadata   '0.16.0',
52 silly pickManifestFromRegistryMetadata   '0.17.0-alpha',
52 silly pickManifestFromRegistryMetadata   '0.17.0-beta',
52 silly pickManifestFromRegistryMetadata   '0.18.0',
52 silly pickManifestFromRegistryMetadata   '0.18.1',
52 silly pickManifestFromRegistryMetadata   '0.18.2',
52 silly pickManifestFromRegistryMetadata   '0.18.4',
52 silly pickManifestFromRegistryMetadata   '0.19.0' ]
53 silly addNamed web3@latest
54 verbose addNamed "latest" is being treated as a dist-tag for web3
55 info addNameTag [ 'web3', 'latest' ]
56 silly mapToRegistry name web3
57 silly mapToRegistry using default registry
58 silly mapToRegistry registry https://registry.npmjs.org/
59 silly mapToRegistry data Result {
59 silly mapToRegistry   raw: 'web3',
59 silly mapToRegistry   scope: null,
59 silly mapToRegistry   escapedName: 'web3',
59 silly mapToRegistry   name: 'web3',
59 silly mapToRegistry   rawSpec: '',
59 silly mapToRegistry   spec: 'latest',
59 silly mapToRegistry   type: 'tag' }
60 silly mapToRegistry uri https://registry.npmjs.org/web3
61 verbose addNameTag registry:https://registry.npmjs.org/web3 already in flight; waiting
62 silly addNameTag next cb for web3 with tag latest
63 silly addNamed web3@0.19.0
64 verbose addNamed "0.19.0" is a plain semver version for web3
65 silly mapToRegistry name web3
66 silly mapToRegistry using default registry
67 silly mapToRegistry registry https://registry.npmjs.org/
68 silly mapToRegistry data Result {
68 silly mapToRegistry   raw: 'web3',
68 silly mapToRegistry   scope: null,
68 silly mapToRegistry   escapedName: 'web3',
68 silly mapToRegistry   name: 'web3',
68 silly mapToRegistry   rawSpec: '',
68 silly mapToRegistry   spec: 'latest',
68 silly mapToRegistry   type: 'tag' }
69 silly mapToRegistry uri https://registry.npmjs.org/web3
70 verbose addRemoteTarball https://registry.npmjs.org/web3/-/web3-0.19.0.tgz not in flight; adding
71 verbose addRemoteTarball [ 'https://registry.npmjs.org/web3/-/web3-0.19.0.tgz',
71 verbose addRemoteTarball   '8b18fba24421a59d2884859bcb9b718c2665524e' ]
72 info retry fetch attempt 1 at 10:26:11
73 info attempt registry request try #1 at 10:26:11
74 http fetch GET https://registry.npmjs.org/web3/-/web3-0.19.0.tgz
75 http fetch 200 https://registry.npmjs.org/web3/-/web3-0.19.0.tgz
76 silly fetchAndShaCheck shasum 8b18fba24421a59d2884859bcb9b718c2665524e
77 verbose addTmpTarball C:\Users\john_kuo\AppData\Local\Temp\npm-6592-fa47a4dd\registry.npmjs.org\web3\-\web3-0.19.0.tgz not in flight; adding
78 verbose addTmpTarball already have metadata; skipping unpack for web3@0.19.0
79 verbose correctMkdir C:\Users\john_kuo\AppData\Local\.meteor\packages\meteor-tool\1.4.2_5\mt-os.windows.x86_32\dev_bundle\.npm correctMkdir not in flight; initializing
80 silly cache afterAdd web3@0.19.0
81 verbose afterAdd C:\Users\john_kuo\AppData\Local\.meteor\packages\meteor-tool\1.4.2_5\mt-os.windows.x86_32\dev_bundle\.npm\web3\0.19.0\package\package.json not in flight; writing
82 verbose correctMkdir C:\Users\john_kuo\AppData\Local\.meteor\packages\meteor-tool\1.4.2_5\mt-os.windows.x86_32\dev_bundle\.npm correctMkdir not in flight; initializing
83 verbose afterAdd C:\Users\john_kuo\AppData\Local\.meteor\packages\meteor-tool\1.4.2_5\mt-os.windows.x86_32\dev_bundle\.npm\web3\0.19.0\package\package.json written
84 silly fetchNamedPackageData crypto-js
85 silly mapToRegistry name crypto-js
86 silly mapToRegistry using default registry
87 silly mapToRegistry registry https://registry.npmjs.org/
88 silly mapToRegistry data Result {
88 silly mapToRegistry   raw: 'crypto-js',
88 silly mapToRegistry   scope: null,
88 silly mapToRegistry   escapedName: 'crypto-js',
88 silly mapToRegistry   name: 'crypto-js',
88 silly mapToRegistry   rawSpec: '',
88 silly mapToRegistry   spec: 'latest',
88 silly mapToRegistry   type: 'tag' }
89 silly mapToRegistry uri https://registry.npmjs.org/crypto-js
90 silly fetchNamedPackageData utf8
91 silly mapToRegistry name utf8
92 silly mapToRegistry using default registry
93 silly mapToRegistry registry https://registry.npmjs.org/
94 silly mapToRegistry data Result {
94 silly mapToRegistry   raw: 'utf8',
94 silly mapToRegistry   scope: null,
94 silly mapToRegistry   escapedName: 'utf8',
94 silly mapToRegistry   name: 'utf8',
94 silly mapToRegistry   rawSpec: '',
94 silly mapToRegistry   spec: 'latest',
94 silly mapToRegistry   type: 'tag' }
95 silly mapToRegistry uri https://registry.npmjs.org/utf8
96 silly fetchNamedPackageData xhr2
97 silly mapToRegistry name xhr2
98 silly mapToRegistry using default registry
99 silly mapToRegistry registry https://registry.npmjs.org/
100 silly mapToRegistry data Result {
100 silly mapToRegistry   raw: 'xhr2',
100 silly mapToRegistry   scope: null,
100 silly mapToRegistry   escapedName: 'xhr2',
100 silly mapToRegistry   name: 'xhr2',
100 silly mapToRegistry   rawSpec: '',
100 silly mapToRegistry   spec: 'latest',
100 silly mapToRegistry   type: 'tag' }
101 silly mapToRegistry uri https://registry.npmjs.org/xhr2
102 silly fetchNamedPackageData xmlhttprequest
103 silly mapToRegistry name xmlhttprequest
104 silly mapToRegistry using default registry
105 silly mapToRegistry registry https://registry.npmjs.org/
106 silly mapToRegistry data Result {
106 silly mapToRegistry   raw: 'xmlhttprequest',
106 silly mapToRegistry   scope: null,
106 silly mapToRegistry   escapedName: 'xmlhttprequest',
106 silly mapToRegistry   name: 'xmlhttprequest',
106 silly mapToRegistry   rawSpec: '',
106 silly mapToRegistry   spec: 'latest',
106 silly mapToRegistry   type: 'tag' }
107 silly mapToRegistry uri https://registry.npmjs.org/xmlhttprequest
108 silly fetchOtherPackageData bignumber.js@git+https://github.com/debris/bignumber.js.git#94d7146671b9719e00a09c29b01a691bc85048c2
109 silly cache add args [ 'bignumber.js@git+https://github.com/debris/bignumber.js.git#94d7146671b9719e00a09c29b01a691bc85048c2',
109 silly cache add   null ]
110 verbose cache add spec bignumber.js@git+https://github.com/debris/bignumber.js.git#94d7146671b9719e00a09c29b01a691bc85048c2
111 verbose request uri https://registry.npmjs.org/crypto-js
112 verbose request no auth needed
113 info attempt registry request try #1 at 10:26:12
114 http request GET https://registry.npmjs.org/crypto-js
115 verbose request uri https://registry.npmjs.org/utf8
116 verbose request no auth needed
117 info attempt registry request try #1 at 10:26:12
118 http request GET https://registry.npmjs.org/utf8
119 verbose request uri https://registry.npmjs.org/xhr2
120 verbose request no auth needed
121 info attempt registry request try #1 at 10:26:12
122 http request GET https://registry.npmjs.org/xhr2
123 verbose request uri https://registry.npmjs.org/xmlhttprequest
124 verbose request no auth needed
125 info attempt registry request try #1 at 10:26:12
126 http request GET https://registry.npmjs.org/xmlhttprequest
127 silly cache add parsed spec Result {
127 silly cache add   raw: 'bignumber.js@git+https://github.com/debris/bignumber.js.git#94d7146671b9719e00a09c29b01a691bc85048c2',
127 silly cache add   scope: null,
127 silly cache add   escapedName: 'bignumber.js',
127 silly cache add   name: 'bignumber.js',
127 silly cache add   rawSpec: 'git+https://github.com/debris/bignumber.js.git#94d7146671b9719e00a09c29b01a691bc85048c2',
127 silly cache add   spec: 'git+https://github.com/debris/bignumber.js.git#94d7146671b9719e00a09c29b01a691bc85048c2',
127 silly cache add   type: 'hosted',
127 silly cache add   hosted:
127 silly cache add    { type: 'github',
127 silly cache add      ssh: 'git@github.com:debris/bignumber.js.git#94d7146671b9719e00a09c29b01a691bc85048c2',
127 silly cache add      sshUrl: 'git+ssh://git@github.com/debris/bignumber.js.git#94d7146671b9719e00a09c29b01a691bc85048c2',
127 silly cache add      httpsUrl: 'git+https://github.com/debris/bignumber.js.git#94d7146671b9719e00a09c29b01a691bc85048c2',
127 silly cache add      gitUrl: 'git://github.com/debris/bignumber.js.git#94d7146671b9719e00a09c29b01a691bc85048c2',
127 silly cache add      shortcut: 'github:debris/bignumber.js#94d7146671b9719e00a09c29b01a691bc85048c2',
127 silly cache add      directUrl: 'https://raw.githubusercontent.com/debris/bignumber.js/94d7146671b9719e00a09c29b01a691bc85048c2/package.json' } }
128 verbose addRemoteGit caching git+https://github.com/debris/bignumber.js.git#94d7146671b9719e00a09c29b01a691bc85048c2
129 verbose addRemoteGit git+https://github.com/debris/bignumber.js.git#94d7146671b9719e00a09c29b01a691bc85048c2 is a repository hosted by github
130 silly tryClone cloning git+https://github.com/debris/bignumber.js.git#94d7146671b9719e00a09c29b01a691bc85048c2 via git+https://github.com/debris/bignumber.js.git#94d7146671b9719e00a09c29b01a691bc85048c2
131 verbose tryClone git-https-github-com-debris-bignumber-js-git-94d7146671b9719e00a09c29b01a691bc85048c2-df3f1ce1 not in flight; caching
132 verbose correctMkdir C:\Users\john_kuo\AppData\Local\.meteor\packages\meteor-tool\1.4.2_5\mt-os.windows.x86_32\dev_bundle\.npm\_git-remotes correctMkdir not in flight; initializing
133 verbose makeDirectory C:\Users\john_kuo\AppData\Local\.meteor\packages\meteor-tool\1.4.2_5\mt-os.windows.x86_32\dev_bundle\.npm\_git-remotes creation not in flight; initializing
134 verbose makeCacheDir UID & GID are irrelevant on win32
135 info git [ 'clone',
135 info git   '--template=C:\\Users\\john_kuo\\AppData\\Local\\.meteor\\packages\\meteor-tool\\1.4.2_5\\mt-os.windows.x86_32\\dev_bundle\\.npm\\_git-remotes\\_templates',
135 info git   '--mirror',
135 info git   'https://github.com/debris/bignumber.js.git',
135 info git   'C:\\Users\\john_kuo\\AppData\\Local\\.meteor\\packages\\meteor-tool\\1.4.2_5\\mt-os.windows.x86_32\\dev_bundle\\.npm\\_git-remotes\\git-https-github-com-debris-bignumber-js-git-94d7146671b9719e00a09c29b01a691bc85048c2-df3f1ce1' ]
136 http 200 https://registry.npmjs.org/crypto-js
137 verbose headers { server: 'nginx/1.10.1',
137 verbose headers   'content-type': 'application/json',
137 verbose headers   'last-modified': 'Wed, 31 May 2017 15:50:34 GMT',
137 verbose headers   etag: 'W/"592ee64a-548e"',
137 verbose headers   'content-encoding': 'gzip',
137 verbose headers   'cache-control': 'max-age=300',
137 verbose headers   'content-length': '3927',
137 verbose headers   'accept-ranges': 'bytes',
137 verbose headers   date: 'Thu, 01 Jun 2017 02:26:12 GMT',
137 verbose headers   via: '1.1 varnish',
137 verbose headers   age: '176',
137 verbose headers   connection: 'keep-alive',
137 verbose headers   'x-served-by': 'cache-itm7426-ITM',
137 verbose headers   'x-cache': 'HIT',
137 verbose headers   'x-cache-hits': '4',
137 verbose headers   'x-timer': 'S1496283972.380229,VS0,VE0',
137 verbose headers   vary: 'Accept-Encoding' }
138 silly get cb [ 200,
138 silly get   { server: 'nginx/1.10.1',
138 silly get     'content-type': 'application/json',
138 silly get     'last-modified': 'Wed, 31 May 2017 15:50:34 GMT',
138 silly get     etag: 'W/"592ee64a-548e"',
138 silly get     'content-encoding': 'gzip',
138 silly get     'cache-control': 'max-age=300',
138 silly get     'content-length': '3927',
138 silly get     'accept-ranges': 'bytes',
138 silly get     date: 'Thu, 01 Jun 2017 02:26:12 GMT',
138 silly get     via: '1.1 varnish',
138 silly get     age: '176',
138 silly get     connection: 'keep-alive',
138 silly get     'x-served-by': 'cache-itm7426-ITM',
138 silly get     'x-cache': 'HIT',
138 silly get     'x-cache-hits': '4',
138 silly get     'x-timer': 'S1496283972.380229,VS0,VE0',
138 silly get     vary: 'Accept-Encoding' } ]
139 verbose get saving crypto-js to C:\Users\john_kuo\AppData\Local\.meteor\packages\meteor-tool\1.4.2_5\mt-os.windows.x86_32\dev_bundle\.npm\registry.npmjs.org\crypto-js\.cache.json
140 verbose correctMkdir C:\Users\john_kuo\AppData\Local\.meteor\packages\meteor-tool\1.4.2_5\mt-os.windows.x86_32\dev_bundle\.npm correctMkdir not in flight; initializing
141 silly pickManifestFromRegistryMetadata spec >=3.1.4 <4.0.0 tag latest versions [ '3.1.2',
141 silly pickManifestFromRegistryMetadata   '3.1.2-1',
141 silly pickManifestFromRegistryMetadata   '3.1.2-2',
141 silly pickManifestFromRegistryMetadata   '3.1.2-3',
141 silly pickManifestFromRegistryMetadata   '3.1.2-4',
141 silly pickManifestFromRegistryMetadata   '3.1.2-5',
141 silly pickManifestFromRegistryMetadata   '3.1.2-6',
141 silly pickManifestFromRegistryMetadata   '3.1.4',
141 silly pickManifestFromRegistryMetadata   '3.1.5',
141 silly pickManifestFromRegistryMetadata   '3.1.6',
141 silly pickManifestFromRegistryMetadata   '3.1.7',
141 silly pickManifestFromRegistryMetadata   '3.1.8',
141 silly pickManifestFromRegistryMetadata   '3.1.9-1' ]
142 silly resolveWithNewModule crypto-js@3.1.8 checking installable status
143 silly cache add args [ 'crypto-js@^3.1.4', null ]
144 verbose cache add spec crypto-js@^3.1.4
145 silly cache add parsed spec Result {
145 silly cache add   raw: 'crypto-js@^3.1.4',
145 silly cache add   scope: null,
145 silly cache add   escapedName: 'crypto-js',
145 silly cache add   name: 'crypto-js',
145 silly cache add   rawSpec: '^3.1.4',
145 silly cache add   spec: '>=3.1.4 <4.0.0',
145 silly cache add   type: 'range' }
146 silly addNamed crypto-js@>=3.1.4 <4.0.0
147 verbose addNamed ">=3.1.4 <4.0.0" is a valid semver range for crypto-js
148 silly addNameRange { name: 'crypto-js', range: '>=3.1.4 <4.0.0', hasData: false }
149 silly mapToRegistry name crypto-js
150 silly mapToRegistry using default registry
151 silly mapToRegistry registry https://registry.npmjs.org/
152 silly mapToRegistry data Result {
152 silly mapToRegistry   raw: 'crypto-js',
152 silly mapToRegistry   scope: null,
152 silly mapToRegistry   escapedName: 'crypto-js',
152 silly mapToRegistry   name: 'crypto-js',
152 silly mapToRegistry   rawSpec: '',
152 silly mapToRegistry   spec: 'latest',
152 silly mapToRegistry   type: 'tag' }
153 silly mapToRegistry uri https://registry.npmjs.org/crypto-js
154 verbose addNameRange registry:https://registry.npmjs.org/crypto-js not in flight; fetching
155 verbose get https://registry.npmjs.org/crypto-js not expired, no request
156 silly addNameRange number 2 { name: 'crypto-js', range: '>=3.1.4 <4.0.0', hasData: true }
157 silly addNameRange versions [ 'crypto-js',
157 silly addNameRange   [ '3.1.2',
157 silly addNameRange     '3.1.2-1',
157 silly addNameRange     '3.1.2-2',
157 silly addNameRange     '3.1.2-3',
157 silly addNameRange     '3.1.2-4',
157 silly addNameRange     '3.1.2-5',
157 silly addNameRange     '3.1.2-6',
157 silly addNameRange     '3.1.4',
157 silly addNameRange     '3.1.5',
157 silly addNameRange     '3.1.6',
157 silly addNameRange     '3.1.7',
157 silly addNameRange     '3.1.8',
157 silly addNameRange     '3.1.9-1' ] ]
158 silly pickManifestFromRegistryMetadata spec >=3.1.4 <4.0.0 tag latest versions [ '3.1.2',
158 silly pickManifestFromRegistryMetadata   '3.1.2-1',
158 silly pickManifestFromRegistryMetadata   '3.1.2-2',
158 silly pickManifestFromRegistryMetadata   '3.1.2-3',
158 silly pickManifestFromRegistryMetadata   '3.1.2-4',
158 silly pickManifestFromRegistryMetadata   '3.1.2-5',
158 silly pickManifestFromRegistryMetadata   '3.1.2-6',
158 silly pickManifestFromRegistryMetadata   '3.1.4',
158 silly pickManifestFromRegistryMetadata   '3.1.5',
158 silly pickManifestFromRegistryMetadata   '3.1.6',
158 silly pickManifestFromRegistryMetadata   '3.1.7',
158 silly pickManifestFromRegistryMetadata   '3.1.8',
158 silly pickManifestFromRegistryMetadata   '3.1.9-1' ]
159 silly addNamed crypto-js@3.1.8
160 verbose addNamed "3.1.8" is a plain semver version for crypto-js
161 silly mapToRegistry name crypto-js
162 silly mapToRegistry using default registry
163 silly mapToRegistry registry https://registry.npmjs.org/
164 silly mapToRegistry data Result {
164 silly mapToRegistry   raw: 'crypto-js',
164 silly mapToRegistry   scope: null,
164 silly mapToRegistry   escapedName: 'crypto-js',
164 silly mapToRegistry   name: 'crypto-js',
164 silly mapToRegistry   rawSpec: '',
164 silly mapToRegistry   spec: 'latest',
164 silly mapToRegistry   type: 'tag' }
165 silly mapToRegistry uri https://registry.npmjs.org/crypto-js
166 verbose addRemoteTarball https://registry.npmjs.org/crypto-js/-/crypto-js-3.1.8.tgz not in flight; adding
167 verbose addRemoteTarball [ 'https://registry.npmjs.org/crypto-js/-/crypto-js-3.1.8.tgz',
167 verbose addRemoteTarball   '715f070bf6014f2ae992a98b3929258b713f08d5' ]
168 info retry fetch attempt 1 at 10:26:12
169 info attempt registry request try #1 at 10:26:12
170 http fetch GET https://registry.npmjs.org/crypto-js/-/crypto-js-3.1.8.tgz
171 http fetch 200 https://registry.npmjs.org/crypto-js/-/crypto-js-3.1.8.tgz
172 silly fetchAndShaCheck shasum 715f070bf6014f2ae992a98b3929258b713f08d5
173 http 200 https://registry.npmjs.org/xmlhttprequest
174 verbose headers { server: 'nginx/1.10.1',
174 verbose headers   'content-type': 'application/json',
174 verbose headers   'last-modified': 'Fri, 17 Feb 2017 07:29:13 GMT',
174 verbose headers   etag: 'W/"58a6a649-30ac"',
174 verbose headers   'content-encoding': 'gzip',
174 verbose headers   'cache-control': 'max-age=300',
174 verbose headers   'content-length': '2648',
174 verbose headers   'accept-ranges': 'bytes',
174 verbose headers   date: 'Thu, 01 Jun 2017 02:26:12 GMT',
174 verbose headers   via: '1.1 varnish',
174 verbose headers   age: '292',
174 verbose headers   connection: 'keep-alive',
174 verbose headers   'x-served-by': 'cache-itm7425-ITM',
174 verbose headers   'x-cache': 'HIT',
174 verbose headers   'x-cache-hits': '1',
174 verbose headers   'x-timer': 'S1496283972.475555,VS0,VE0',
174 verbose headers   vary: 'Accept-Encoding' }
175 silly get cb [ 200,
175 silly get   { server: 'nginx/1.10.1',
175 silly get     'content-type': 'application/json',
175 silly get     'last-modified': 'Fri, 17 Feb 2017 07:29:13 GMT',
175 silly get     etag: 'W/"58a6a649-30ac"',
175 silly get     'content-encoding': 'gzip',
175 silly get     'cache-control': 'max-age=300',
175 silly get     'content-length': '2648',
175 silly get     'accept-ranges': 'bytes',
175 silly get     date: 'Thu, 01 Jun 2017 02:26:12 GMT',
175 silly get     via: '1.1 varnish',
175 silly get     age: '292',
175 silly get     connection: 'keep-alive',
175 silly get     'x-served-by': 'cache-itm7425-ITM',
175 silly get     'x-cache': 'HIT',
175 silly get     'x-cache-hits': '1',
175 silly get     'x-timer': 'S1496283972.475555,VS0,VE0',
175 silly get     vary: 'Accept-Encoding' } ]
176 verbose get saving xmlhttprequest to C:\Users\john_kuo\AppData\Local\.meteor\packages\meteor-tool\1.4.2_5\mt-os.windows.x86_32\dev_bundle\.npm\registry.npmjs.org\xmlhttprequest\.cache.json
177 verbose correctMkdir C:\Users\john_kuo\AppData\Local\.meteor\packages\meteor-tool\1.4.2_5\mt-os.windows.x86_32\dev_bundle\.npm correctMkdir not in flight; initializing
178 http 200 https://registry.npmjs.org/utf8
179 verbose headers { server: 'nginx/1.10.3',
179 verbose headers   'content-type': 'application/json',
179 verbose headers   'last-modified': 'Wed, 25 Jan 2017 05:50:40 GMT',
179 verbose headers   etag: 'W/"58883cb0-2b52"',
179 verbose headers   'content-encoding': 'gzip',
179 verbose headers   'cache-control': 'max-age=300',
179 verbose headers   'content-length': '3514',
179 verbose headers   'accept-ranges': 'bytes',
179 verbose headers   date: 'Thu, 01 Jun 2017 02:26:12 GMT',
179 verbose headers   via: '1.1 varnish',
179 verbose headers   age: '177',
179 verbose headers   connection: 'keep-alive',
179 verbose headers   'x-served-by': 'cache-itm7420-ITM',
179 verbose headers   'x-cache': 'HIT',
179 verbose headers   'x-cache-hits': '2',
179 verbose headers   'x-timer': 'S1496283972.485399,VS0,VE0',
179 verbose headers   vary: 'Accept-Encoding' }
180 silly get cb [ 200,
180 silly get   { server: 'nginx/1.10.3',
180 silly get     'content-type': 'application/json',
180 silly get     'last-modified': 'Wed, 25 Jan 2017 05:50:40 GMT',
180 silly get     etag: 'W/"58883cb0-2b52"',
180 silly get     'content-encoding': 'gzip',
180 silly get     'cache-control': 'max-age=300',
180 silly get     'content-length': '3514',
180 silly get     'accept-ranges': 'bytes',
180 silly get     date: 'Thu, 01 Jun 2017 02:26:12 GMT',
180 silly get     via: '1.1 varnish',
180 silly get     age: '177',
180 silly get     connection: 'keep-alive',
180 silly get     'x-served-by': 'cache-itm7420-ITM',
180 silly get     'x-cache': 'HIT',
180 silly get     'x-cache-hits': '2',
180 silly get     'x-timer': 'S1496283972.485399,VS0,VE0',
180 silly get     vary: 'Accept-Encoding' } ]
181 verbose get saving utf8 to C:\Users\john_kuo\AppData\Local\.meteor\packages\meteor-tool\1.4.2_5\mt-os.windows.x86_32\dev_bundle\.npm\registry.npmjs.org\utf8\.cache.json
182 verbose correctMkdir C:\Users\john_kuo\AppData\Local\.meteor\packages\meteor-tool\1.4.2_5\mt-os.windows.x86_32\dev_bundle\.npm correctMkdir not in flight; initializing
183 silly pickManifestFromRegistryMetadata spec * tag latest versions [ '1.0.0',
183 silly pickManifestFromRegistryMetadata   '1.2.0',
183 silly pickManifestFromRegistryMetadata   '1.2.1',
183 silly pickManifestFromRegistryMetadata   '1.2.2',
183 silly pickManifestFromRegistryMetadata   '1.3.0',
183 silly pickManifestFromRegistryMetadata   '1.4.0',
183 silly pickManifestFromRegistryMetadata   '1.4.2',
183 silly pickManifestFromRegistryMetadata   '1.5.0',
183 silly pickManifestFromRegistryMetadata   '1.6.0',
183 silly pickManifestFromRegistryMetadata   '1.7.0',
183 silly pickManifestFromRegistryMetadata   '1.8.0' ]
184 silly resolveWithNewModule xmlhttprequest@1.8.0 checking installable status
185 silly cache add args [ 'xmlhttprequest@*', null ]
186 verbose cache add spec xmlhttprequest@*
187 silly cache add parsed spec Result {
187 silly cache add   raw: 'xmlhttprequest@*',
187 silly cache add   scope: null,
187 silly cache add   escapedName: 'xmlhttprequest',
187 silly cache add   name: 'xmlhttprequest',
187 silly cache add   rawSpec: '*',
187 silly cache add   spec: '*',
187 silly cache add   type: 'range' }
188 silly addNamed xmlhttprequest@*
189 verbose addNamed "*" is a valid semver range for xmlhttprequest
190 silly addNameRange { name: 'xmlhttprequest', range: '*', hasData: false }
191 silly mapToRegistry name xmlhttprequest
192 silly mapToRegistry using default registry
193 silly mapToRegistry registry https://registry.npmjs.org/
194 silly mapToRegistry data Result {
194 silly mapToRegistry   raw: 'xmlhttprequest',
194 silly mapToRegistry   scope: null,
194 silly mapToRegistry   escapedName: 'xmlhttprequest',
194 silly mapToRegistry   name: 'xmlhttprequest',
194 silly mapToRegistry   rawSpec: '',
194 silly mapToRegistry   spec: 'latest',
194 silly mapToRegistry   type: 'tag' }
195 silly mapToRegistry uri https://registry.npmjs.org/xmlhttprequest
196 verbose addNameRange registry:https://registry.npmjs.org/xmlhttprequest not in flight; fetching
197 verbose get https://registry.npmjs.org/xmlhttprequest not expired, no request
198 silly addNameRange number 2 { name: 'xmlhttprequest', range: '*', hasData: true }
199 silly addNameRange versions [ 'xmlhttprequest',
199 silly addNameRange   [ '1.0.0',
199 silly addNameRange     '1.2.0',
199 silly addNameRange     '1.2.1',
199 silly addNameRange     '1.2.2',
199 silly addNameRange     '1.3.0',
199 silly addNameRange     '1.4.0',
199 silly addNameRange     '1.4.2',
199 silly addNameRange     '1.5.0',
199 silly addNameRange     '1.6.0',
199 silly addNameRange     '1.7.0',
199 silly addNameRange     '1.8.0' ] ]
200 silly pickManifestFromRegistryMetadata spec * tag latest versions [ '1.0.0',
200 silly pickManifestFromRegistryMetadata   '1.2.0',
200 silly pickManifestFromRegistryMetadata   '1.2.1',
200 silly pickManifestFromRegistryMetadata   '1.2.2',
200 silly pickManifestFromRegistryMetadata   '1.3.0',
200 silly pickManifestFromRegistryMetadata   '1.4.0',
200 silly pickManifestFromRegistryMetadata   '1.4.2',
200 silly pickManifestFromRegistryMetadata   '1.5.0',
200 silly pickManifestFromRegistryMetadata   '1.6.0',
200 silly pickManifestFromRegistryMetadata   '1.7.0',
200 silly pickManifestFromRegistryMetadata   '1.8.0' ]
201 silly addNamed xmlhttprequest@latest
202 verbose addNamed "latest" is being treated as a dist-tag for xmlhttprequest
203 info addNameTag [ 'xmlhttprequest', 'latest' ]
204 silly mapToRegistry name xmlhttprequest
205 silly mapToRegistry using default registry
206 silly mapToRegistry registry https://registry.npmjs.org/
207 silly mapToRegistry data Result {
207 silly mapToRegistry   raw: 'xmlhttprequest',
207 silly mapToRegistry   scope: null,
207 silly mapToRegistry   escapedName: 'xmlhttprequest',
207 silly mapToRegistry   name: 'xmlhttprequest',
207 silly mapToRegistry   rawSpec: '',
207 silly mapToRegistry   spec: 'latest',
207 silly mapToRegistry   type: 'tag' }
208 silly mapToRegistry uri https://registry.npmjs.org/xmlhttprequest
209 verbose addNameTag registry:https://registry.npmjs.org/xmlhttprequest already in flight; waiting
210 silly addNameTag next cb for xmlhttprequest with tag latest
211 silly addNamed xmlhttprequest@1.8.0
212 verbose addNamed "1.8.0" is a plain semver version for xmlhttprequest
213 silly mapToRegistry name xmlhttprequest
214 silly mapToRegistry using default registry
215 silly mapToRegistry registry https://registry.npmjs.org/
216 silly mapToRegistry data Result {
216 silly mapToRegistry   raw: 'xmlhttprequest',
216 silly mapToRegistry   scope: null,
216 silly mapToRegistry   escapedName: 'xmlhttprequest',
216 silly mapToRegistry   name: 'xmlhttprequest',
216 silly mapToRegistry   rawSpec: '',
216 silly mapToRegistry   spec: 'latest',
216 silly mapToRegistry   type: 'tag' }
217 silly mapToRegistry uri https://registry.npmjs.org/xmlhttprequest
218 verbose addRemoteTarball https://registry.npmjs.org/xmlhttprequest/-/xmlhttprequest-1.8.0.tgz not in flight; adding
219 verbose addRemoteTarball [ 'https://registry.npmjs.org/xmlhttprequest/-/xmlhttprequest-1.8.0.tgz',
219 verbose addRemoteTarball   '67fe075c5c24fef39f9d65f5f7b7fe75171968fc' ]
220 verbose addTmpTarball C:\Users\john_kuo\AppData\Local\Temp\npm-6592-fa47a4dd\registry.npmjs.org\crypto-js\-\crypto-js-3.1.8.tgz not in flight; adding
221 verbose addTmpTarball already have metadata; skipping unpack for crypto-js@3.1.8
222 verbose correctMkdir C:\Users\john_kuo\AppData\Local\.meteor\packages\meteor-tool\1.4.2_5\mt-os.windows.x86_32\dev_bundle\.npm correctMkdir not in flight; initializing
223 info retry fetch attempt 1 at 10:26:12
224 info attempt registry request try #1 at 10:26:12
225 http fetch GET https://registry.npmjs.org/xmlhttprequest/-/xmlhttprequest-1.8.0.tgz
226 silly pickManifestFromRegistryMetadata spec >=2.1.1 <3.0.0 tag latest versions [ '1.0.0', '2.0.0', '2.1.0', '2.1.1', '2.1.2' ]
227 silly resolveWithNewModule utf8@2.1.2 checking installable status
228 silly cache add args [ 'utf8@^2.1.1', null ]
229 verbose cache add spec utf8@^2.1.1
230 silly cache add parsed spec Result {
230 silly cache add   raw: 'utf8@^2.1.1',
230 silly cache add   scope: null,
230 silly cache add   escapedName: 'utf8',
230 silly cache add   name: 'utf8',
230 silly cache add   rawSpec: '^2.1.1',
230 silly cache add   spec: '>=2.1.1 <3.0.0',
230 silly cache add   type: 'range' }
231 silly addNamed utf8@>=2.1.1 <3.0.0
232 verbose addNamed ">=2.1.1 <3.0.0" is a valid semver range for utf8
233 silly addNameRange { name: 'utf8', range: '>=2.1.1 <3.0.0', hasData: false }
234 silly mapToRegistry name utf8
235 silly mapToRegistry using default registry
236 silly mapToRegistry registry https://registry.npmjs.org/
237 silly mapToRegistry data Result {
237 silly mapToRegistry   raw: 'utf8',
237 silly mapToRegistry   scope: null,
237 silly mapToRegistry   escapedName: 'utf8',
237 silly mapToRegistry   name: 'utf8',
237 silly mapToRegistry   rawSpec: '',
237 silly mapToRegistry   spec: 'latest',
237 silly mapToRegistry   type: 'tag' }
238 silly mapToRegistry uri https://registry.npmjs.org/utf8
239 verbose addNameRange registry:https://registry.npmjs.org/utf8 not in flight; fetching
240 verbose get https://registry.npmjs.org/utf8 not expired, no request
241 silly addNameRange number 2 { name: 'utf8', range: '>=2.1.1 <3.0.0', hasData: true }
242 silly addNameRange versions [ 'utf8', [ '1.0.0', '2.0.0', '2.1.0', '2.1.1', '2.1.2' ] ]
243 silly pickManifestFromRegistryMetadata spec >=2.1.1 <3.0.0 tag latest versions [ '1.0.0', '2.0.0', '2.1.0', '2.1.1', '2.1.2' ]
244 silly addNamed utf8@latest
245 verbose addNamed "latest" is being treated as a dist-tag for utf8
246 info addNameTag [ 'utf8', 'latest' ]
247 silly mapToRegistry name utf8
248 silly mapToRegistry using default registry
249 silly mapToRegistry registry https://registry.npmjs.org/
250 silly mapToRegistry data Result {
250 silly mapToRegistry   raw: 'utf8',
250 silly mapToRegistry   scope: null,
250 silly mapToRegistry   escapedName: 'utf8',
250 silly mapToRegistry   name: 'utf8',
250 silly mapToRegistry   rawSpec: '',
250 silly mapToRegistry   spec: 'latest',
250 silly mapToRegistry   type: 'tag' }
251 silly mapToRegistry uri https://registry.npmjs.org/utf8
252 verbose addNameTag registry:https://registry.npmjs.org/utf8 already in flight; waiting
253 silly addNameTag next cb for utf8 with tag latest
254 silly addNamed utf8@2.1.2
255 verbose addNamed "2.1.2" is a plain semver version for utf8
256 silly mapToRegistry name utf8
257 silly mapToRegistry using default registry
258 silly mapToRegistry registry https://registry.npmjs.org/
259 silly mapToRegistry data Result {
259 silly mapToRegistry   raw: 'utf8',
259 silly mapToRegistry   scope: null,
259 silly mapToRegistry   escapedName: 'utf8',
259 silly mapToRegistry   name: 'utf8',
259 silly mapToRegistry   rawSpec: '',
259 silly mapToRegistry   spec: 'latest',
259 silly mapToRegistry   type: 'tag' }
260 silly mapToRegistry uri https://registry.npmjs.org/utf8
261 verbose addRemoteTarball https://registry.npmjs.org/utf8/-/utf8-2.1.2.tgz not in flight; adding
262 verbose addRemoteTarball [ 'https://registry.npmjs.org/utf8/-/utf8-2.1.2.tgz',
262 verbose addRemoteTarball   '1fa0d9270e9be850d9b05027f63519bf46457d96' ]
263 info retry fetch attempt 1 at 10:26:12
264 info attempt registry request try #1 at 10:26:12
265 http fetch GET https://registry.npmjs.org/utf8/-/utf8-2.1.2.tgz
266 silly cache afterAdd crypto-js@3.1.8
267 verbose afterAdd C:\Users\john_kuo\AppData\Local\.meteor\packages\meteor-tool\1.4.2_5\mt-os.windows.x86_32\dev_bundle\.npm\crypto-js\3.1.8\package\package.json not in flight; writing
268 verbose correctMkdir C:\Users\john_kuo\AppData\Local\.meteor\packages\meteor-tool\1.4.2_5\mt-os.windows.x86_32\dev_bundle\.npm correctMkdir not in flight; initializing
269 verbose afterAdd C:\Users\john_kuo\AppData\Local\.meteor\packages\meteor-tool\1.4.2_5\mt-os.windows.x86_32\dev_bundle\.npm\crypto-js\3.1.8\package\package.json written
270 http fetch 200 https://registry.npmjs.org/xmlhttprequest/-/xmlhttprequest-1.8.0.tgz
271 silly fetchAndShaCheck shasum 67fe075c5c24fef39f9d65f5f7b7fe75171968fc
272 http fetch 200 https://registry.npmjs.org/utf8/-/utf8-2.1.2.tgz
273 verbose addTmpTarball C:\Users\john_kuo\AppData\Local\Temp\npm-6592-fa47a4dd\registry.npmjs.org\xmlhttprequest\-\xmlhttprequest-1.8.0.tgz not in flight; adding
274 verbose addTmpTarball already have metadata; skipping unpack for xmlhttprequest@1.8.0
275 verbose correctMkdir C:\Users\john_kuo\AppData\Local\.meteor\packages\meteor-tool\1.4.2_5\mt-os.windows.x86_32\dev_bundle\.npm correctMkdir not in flight; initializing
276 http 200 https://registry.npmjs.org/xhr2
277 verbose headers { server: 'nginx/1.10.1',
277 verbose headers   'content-type': 'application/json',
277 verbose headers   'last-modified': 'Fri, 06 Jan 2017 22:53:08 GMT',
277 verbose headers   etag: 'W/"58701fd4-539e"',
277 verbose headers   'content-encoding': 'gzip',
277 verbose headers   'cache-control': 'max-age=300',
277 verbose headers   'content-length': '3749',
277 verbose headers   'accept-ranges': 'bytes',
277 verbose headers   date: 'Thu, 01 Jun 2017 02:26:12 GMT',
277 verbose headers   via: '1.1 varnish',
277 verbose headers   age: '0',
277 verbose headers   connection: 'keep-alive',
277 verbose headers   'x-served-by': 'cache-itm7422-ITM',
277 verbose headers   'x-cache': 'HIT',
277 verbose headers   'x-cache-hits': '1',
277 verbose headers   'x-timer': 'S1496283972.454207,VS0,VE127',
277 verbose headers   vary: 'Accept-Encoding' }
278 silly get cb [ 200,
278 silly get   { server: 'nginx/1.10.1',
278 silly get     'content-type': 'application/json',
278 silly get     'last-modified': 'Fri, 06 Jan 2017 22:53:08 GMT',
278 silly get     etag: 'W/"58701fd4-539e"',
278 silly get     'content-encoding': 'gzip',
278 silly get     'cache-control': 'max-age=300',
278 silly get     'content-length': '3749',
278 silly get     'accept-ranges': 'bytes',
278 silly get     date: 'Thu, 01 Jun 2017 02:26:12 GMT',
278 silly get     via: '1.1 varnish',
278 silly get     age: '0',
278 silly get     connection: 'keep-alive',
278 silly get     'x-served-by': 'cache-itm7422-ITM',
278 silly get     'x-cache': 'HIT',
278 silly get     'x-cache-hits': '1',
278 silly get     'x-timer': 'S1496283972.454207,VS0,VE127',
278 silly get     vary: 'Accept-Encoding' } ]
279 verbose get saving xhr2 to C:\Users\john_kuo\AppData\Local\.meteor\packages\meteor-tool\1.4.2_5\mt-os.windows.x86_32\dev_bundle\.npm\registry.npmjs.org\xhr2\.cache.json
280 verbose correctMkdir C:\Users\john_kuo\AppData\Local\.meteor\packages\meteor-tool\1.4.2_5\mt-os.windows.x86_32\dev_bundle\.npm correctMkdir not in flight; initializing
281 silly fetchAndShaCheck shasum 1fa0d9270e9be850d9b05027f63519bf46457d96
282 silly pickManifestFromRegistryMetadata spec * tag latest versions [ '0.0.1',
282 silly pickManifestFromRegistryMetadata   '0.0.2',
282 silly pickManifestFromRegistryMetadata   '0.0.3',
282 silly pickManifestFromRegistryMetadata   '0.0.4',
282 silly pickManifestFromRegistryMetadata   '0.0.5',
282 silly pickManifestFromRegistryMetadata   '0.0.6',
282 silly pickManifestFromRegistryMetadata   '0.0.7',
282 silly pickManifestFromRegistryMetadata   '0.1.0',
282 silly pickManifestFromRegistryMetadata   '0.1.1',
282 silly pickManifestFromRegistryMetadata   '0.1.2',
282 silly pickManifestFromRegistryMetadata   '0.1.3',
282 silly pickManifestFromRegistryMetadata   '0.1.4' ]
283 silly resolveWithNewModule xhr2@0.1.4 checking installable status
284 silly cache add args [ 'xhr2@*', null ]
285 verbose cache add spec xhr2@*
286 silly cache add parsed spec Result {
286 silly cache add   raw: 'xhr2@*',
286 silly cache add   scope: null,
286 silly cache add   escapedName: 'xhr2',
286 silly cache add   name: 'xhr2',
286 silly cache add   rawSpec: '*',
286 silly cache add   spec: '*',
286 silly cache add   type: 'range' }
287 silly addNamed xhr2@*
288 verbose addNamed "*" is a valid semver range for xhr2
289 silly addNameRange { name: 'xhr2', range: '*', hasData: false }
290 silly mapToRegistry name xhr2
291 silly mapToRegistry using default registry
292 silly mapToRegistry registry https://registry.npmjs.org/
293 silly mapToRegistry data Result {
293 silly mapToRegistry   raw: 'xhr2',
293 silly mapToRegistry   scope: null,
293 silly mapToRegistry   escapedName: 'xhr2',
293 silly mapToRegistry   name: 'xhr2',
293 silly mapToRegistry   rawSpec: '',
293 silly mapToRegistry   spec: 'latest',
293 silly mapToRegistry   type: 'tag' }
294 silly mapToRegistry uri https://registry.npmjs.org/xhr2
295 verbose addNameRange registry:https://registry.npmjs.org/xhr2 not in flight; fetching
296 verbose get https://registry.npmjs.org/xhr2 not expired, no request
297 silly addNameRange number 2 { name: 'xhr2', range: '*', hasData: true }
298 silly addNameRange versions [ 'xhr2',
298 silly addNameRange   [ '0.0.1',
298 silly addNameRange     '0.0.2',
298 silly addNameRange     '0.0.3',
298 silly addNameRange     '0.0.4',
298 silly addNameRange     '0.0.5',
298 silly addNameRange     '0.0.6',
298 silly addNameRange     '0.0.7',
298 silly addNameRange     '0.1.0',
298 silly addNameRange     '0.1.1',
298 silly addNameRange     '0.1.2',
298 silly addNameRange     '0.1.3',
298 silly addNameRange     '0.1.4' ] ]
299 silly pickManifestFromRegistryMetadata spec * tag latest versions [ '0.0.1',
299 silly pickManifestFromRegistryMetadata   '0.0.2',
299 silly pickManifestFromRegistryMetadata   '0.0.3',
299 silly pickManifestFromRegistryMetadata   '0.0.4',
299 silly pickManifestFromRegistryMetadata   '0.0.5',
299 silly pickManifestFromRegistryMetadata   '0.0.6',
299 silly pickManifestFromRegistryMetadata   '0.0.7',
299 silly pickManifestFromRegistryMetadata   '0.1.0',
299 silly pickManifestFromRegistryMetadata   '0.1.1',
299 silly pickManifestFromRegistryMetadata   '0.1.2',
299 silly pickManifestFromRegistryMetadata   '0.1.3',
299 silly pickManifestFromRegistryMetadata   '0.1.4' ]
300 silly addNamed xhr2@latest
301 verbose addNamed "latest" is being treated as a dist-tag for xhr2
302 info addNameTag [ 'xhr2', 'latest' ]
303 silly mapToRegistry name xhr2
304 silly mapToRegistry using default registry
305 silly mapToRegistry registry https://registry.npmjs.org/
306 silly mapToRegistry data Result {
306 silly mapToRegistry   raw: 'xhr2',
306 silly mapToRegistry   scope: null,
306 silly mapToRegistry   escapedName: 'xhr2',
306 silly mapToRegistry   name: 'xhr2',
306 silly mapToRegistry   rawSpec: '',
306 silly mapToRegistry   spec: 'latest',
306 silly mapToRegistry   type: 'tag' }
307 silly mapToRegistry uri https://registry.npmjs.org/xhr2
308 verbose addNameTag registry:https://registry.npmjs.org/xhr2 already in flight; waiting
309 silly addNameTag next cb for xhr2 with tag latest
310 silly addNamed xhr2@0.1.4
311 verbose addNamed "0.1.4" is a plain semver version for xhr2
312 silly cache afterAdd xmlhttprequest@1.8.0
313 verbose afterAdd C:\Users\john_kuo\AppData\Local\.meteor\packages\meteor-tool\1.4.2_5\mt-os.windows.x86_32\dev_bundle\.npm\xmlhttprequest\1.8.0\package\package.json not in flight; writing
314 verbose correctMkdir C:\Users\john_kuo\AppData\Local\.meteor\packages\meteor-tool\1.4.2_5\mt-os.windows.x86_32\dev_bundle\.npm correctMkdir not in flight; initializing
315 silly mapToRegistry name xhr2
316 silly mapToRegistry using default registry
317 silly mapToRegistry registry https://registry.npmjs.org/
318 silly mapToRegistry data Result {
318 silly mapToRegistry   raw: 'xhr2',
318 silly mapToRegistry   scope: null,
318 silly mapToRegistry   escapedName: 'xhr2',
318 silly mapToRegistry   name: 'xhr2',
318 silly mapToRegistry   rawSpec: '',
318 silly mapToRegistry   spec: 'latest',
318 silly mapToRegistry   type: 'tag' }
319 silly mapToRegistry uri https://registry.npmjs.org/xhr2
320 verbose addRemoteTarball https://registry.npmjs.org/xhr2/-/xhr2-0.1.4.tgz not in flight; adding
321 verbose addRemoteTarball [ 'https://registry.npmjs.org/xhr2/-/xhr2-0.1.4.tgz',
321 verbose addRemoteTarball   '7f87658847716db5026323812f818cadab387a5f' ]
322 verbose addTmpTarball C:\Users\john_kuo\AppData\Local\Temp\npm-6592-fa47a4dd\registry.npmjs.org\utf8\-\utf8-2.1.2.tgz not in flight; adding
323 verbose addTmpTarball already have metadata; skipping unpack for utf8@2.1.2
324 verbose correctMkdir C:\Users\john_kuo\AppData\Local\.meteor\packages\meteor-tool\1.4.2_5\mt-os.windows.x86_32\dev_bundle\.npm correctMkdir not in flight; initializing
325 info retry fetch attempt 1 at 10:26:12
326 info attempt registry request try #1 at 10:26:12
327 http fetch GET https://registry.npmjs.org/xhr2/-/xhr2-0.1.4.tgz
328 verbose afterAdd C:\Users\john_kuo\AppData\Local\.meteor\packages\meteor-tool\1.4.2_5\mt-os.windows.x86_32\dev_bundle\.npm\xmlhttprequest\1.8.0\package\package.json written
329 silly cache afterAdd utf8@2.1.2
330 verbose afterAdd C:\Users\john_kuo\AppData\Local\.meteor\packages\meteor-tool\1.4.2_5\mt-os.windows.x86_32\dev_bundle\.npm\utf8\2.1.2\package\package.json not in flight; writing
331 verbose correctMkdir C:\Users\john_kuo\AppData\Local\.meteor\packages\meteor-tool\1.4.2_5\mt-os.windows.x86_32\dev_bundle\.npm correctMkdir not in flight; initializing
332 verbose afterAdd C:\Users\john_kuo\AppData\Local\.meteor\packages\meteor-tool\1.4.2_5\mt-os.windows.x86_32\dev_bundle\.npm\utf8\2.1.2\package\package.json written
333 http fetch 200 https://registry.npmjs.org/xhr2/-/xhr2-0.1.4.tgz
334 silly fetchAndShaCheck shasum 7f87658847716db5026323812f818cadab387a5f
335 verbose addTmpTarball C:\Users\john_kuo\AppData\Local\Temp\npm-6592-fa47a4dd\registry.npmjs.org\xhr2\-\xhr2-0.1.4.tgz not in flight; adding
336 verbose addTmpTarball already have metadata; skipping unpack for xhr2@0.1.4
337 verbose correctMkdir C:\Users\john_kuo\AppData\Local\.meteor\packages\meteor-tool\1.4.2_5\mt-os.windows.x86_32\dev_bundle\.npm correctMkdir not in flight; initializing
338 silly cache afterAdd xhr2@0.1.4
339 verbose afterAdd C:\Users\john_kuo\AppData\Local\.meteor\packages\meteor-tool\1.4.2_5\mt-os.windows.x86_32\dev_bundle\.npm\xhr2\0.1.4\package\package.json not in flight; writing
340 verbose correctMkdir C:\Users\john_kuo\AppData\Local\.meteor\packages\meteor-tool\1.4.2_5\mt-os.windows.x86_32\dev_bundle\.npm correctMkdir not in flight; initializing
341 verbose afterAdd C:\Users\john_kuo\AppData\Local\.meteor\packages\meteor-tool\1.4.2_5\mt-os.windows.x86_32\dev_bundle\.npm\xhr2\0.1.4\package\package.json written
342 verbose mirrorRemote git+https://github.com/debris/bignumber.js.git#94d7146671b9719e00a09c29b01a691bc85048c2 git clone https://github.com/debris/bignumber.js.git
343 verbose setPermissions git+https://github.com/debris/bignumber.js.git#94d7146671b9719e00a09c29b01a691bc85048c2 skipping chownr on Windows
344 verbose resolveHead git+https://github.com/debris/bignumber.js.git#94d7146671b9719e00a09c29b01a691bc85048c2 original treeish: 94d7146671b9719e00a09c29b01a691bc85048c2
345 info git [ 'rev-list', '-n1', '94d7146671b9719e00a09c29b01a691bc85048c2' ]
346 silly resolveHead git+https://github.com/debris/bignumber.js.git#94d7146671b9719e00a09c29b01a691bc85048c2 resolved treeish: 94d7146671b9719e00a09c29b01a691bc85048c2
347 verbose resolveHead git+https://github.com/debris/bignumber.js.git#94d7146671b9719e00a09c29b01a691bc85048c2 resolved Git URL: git+https://github.com/debris/bignumber.js.git#94d7146671b9719e00a09c29b01a691bc85048c2
348 silly resolveHead Git working directory: C:\Users\john_kuo\AppData\Local\Temp\npm-6592-fa47a4dd\git-cache-89bee054\94d7146671b9719e00a09c29b01a691bc85048c2
349 info git [ 'clone',
349 info git   'C:\\Users\\john_kuo\\AppData\\Local\\.meteor\\packages\\meteor-tool\\1.4.2_5\\mt-os.windows.x86_32\\dev_bundle\\.npm\\_git-remotes\\git-https-github-com-debris-bignumber-js-git-94d7146671b9719e00a09c29b01a691bc85048c2-df3f1ce1',
349 info git   'C:\\Users\\john_kuo\\AppData\\Local\\Temp\\npm-6592-fa47a4dd\\git-cache-89bee054\\94d7146671b9719e00a09c29b01a691bc85048c2' ]
350 error git clone C:\Users\john_kuo\AppData\Local\.meteor\packages\meteor-tool\1.4.2_5\mt-os.windows.x86_32\dev_bundle\.npm\_git-remotes\git-https-github-com-debris-bignumber-js-git-94d7146671b9719e00a09c29b01a691bc85048c2-df3f1ce1 C:\Users\john_kuo\AppData\Local\Temp\npm-6592-fa47a4dd\git-cache-89bee054\94d7146671b9719e00a09c29b01a691bc85048c2: Cloning into 'C:\Users\john_kuo\AppData\Local\Temp\npm-6592-fa47a4dd\git-cache-89bee054\94d7146671b9719e00a09c29b01a691bc85048c2'...
350 error git clone C:\Users\john_kuo\AppData\Local\.meteor\packages\meteor-tool\1.4.2_5\mt-os.windows.x86_32\dev_bundle\.npm\_git-remotes\git-https-github-com-debris-bignumber-js-git-94d7146671b9719e00a09c29b01a691bc85048c2-df3f1ce1 C:\Users\john_kuo\AppData\Local\Temp\npm-6592-fa47a4dd\git-cache-89bee054\94d7146671b9719e00a09c29b01a691bc85048c2: error: cannot spawn sh: No such file or directory
350 error git clone C:\Users\john_kuo\AppData\Local\.meteor\packages\meteor-tool\1.4.2_5\mt-os.windows.x86_32\dev_bundle\.npm\_git-remotes\git-https-github-com-debris-bignumber-js-git-94d7146671b9719e00a09c29b01a691bc85048c2-df3f1ce1 C:\Users\john_kuo\AppData\Local\Temp\npm-6592-fa47a4dd\git-cache-89bee054\94d7146671b9719e00a09c29b01a691bc85048c2: fatal: unable to fork
351 silly fetchPackageMetaData Error: Command failed: git -c core.longpaths=true clone C:\Users\john_kuo\AppData\Local\.meteor\packages\meteor-tool\1.4.2_5\mt-os.windows.x86_32\dev_bundle\.npm\_git-remotes\git-https-github-com-debris-bignumber-js-git-94d7146671b9719e00a09c29b01a691bc85048c2-df3f1ce1 C:\Users\john_kuo\AppData\Local\Temp\npm-6592-fa47a4dd\git-cache-89bee054\94d7146671b9719e00a09c29b01a691bc85048c2
351 silly fetchPackageMetaData Cloning into 'C:\Users\john_kuo\AppData\Local\Temp\npm-6592-fa47a4dd\git-cache-89bee054\94d7146671b9719e00a09c29b01a691bc85048c2'...
351 silly fetchPackageMetaData error: cannot spawn sh: No such file or directory
351 silly fetchPackageMetaData fatal: unable to fork
351 silly fetchPackageMetaData
351 silly fetchPackageMetaData     at ChildProcess.exithandler (child_process.js:213:12)
351 silly fetchPackageMetaData     at emitTwo (events.js:87:13)
351 silly fetchPackageMetaData     at ChildProcess.emit (events.js:172:7)
351 silly fetchPackageMetaData     at maybeClose (internal/child_process.js:854:16)
351 silly fetchPackageMetaData     at Process.ChildProcess._handle.onexit (internal/child_process.js:222:5)
351 silly fetchPackageMetaData  error for bignumber.js@git+https://github.com/debris/bignumber.js.git#94d7146671b9719e00a09c29b01a691bc85048c2 { [Error: Command failed: git -c core.longpaths=true clone C:\Users\john_kuo\AppData\Local\.meteor\packages\meteor-tool\1.4.2_5\mt-os.windows.x86_32\dev_bundle\.npm\_git-remotes\git-https-github-com-debris-bignumber-js-git-94d7146671b9719e00a09c29b01a691bc85048c2-df3f1ce1 C:\Users\john_kuo\AppData\Local\Temp\npm-6592-fa47a4dd\git-cache-89bee054\94d7146671b9719e00a09c29b01a691bc85048c2
351 silly fetchPackageMetaData Cloning into 'C:\Users\john_kuo\AppData\Local\Temp\npm-6592-fa47a4dd\git-cache-89bee054\94d7146671b9719e00a09c29b01a691bc85048c2'...
351 silly fetchPackageMetaData error: cannot spawn sh: No such file or directory
351 silly fetchPackageMetaData fatal: unable to fork
351 silly fetchPackageMetaData ]
351 silly fetchPackageMetaData   killed: false,
351 silly fetchPackageMetaData   code: 128,
351 silly fetchPackageMetaData   signal: null,
351 silly fetchPackageMetaData   cmd: 'git -c core.longpaths=true clone C:\\Users\\john_kuo\\AppData\\Local\\.meteor\\packages\\meteor-tool\\1.4.2_5\\mt-os.windows.x86_32\\dev_bundle\\.npm\\_git-remotes\\git-https-github-com-debris-bignumber-js-git-94d7146671b9719e00a09c29b01a691bc85048c2-df3f1ce1 C:\\Users\\john_kuo\\AppData\\Local\\Temp\\npm-6592-fa47a4dd\\git-cache-89bee054\\94d7146671b9719e00a09c29b01a691bc85048c2' }
352 silly rollbackFailedOptional Starting
353 silly rollbackFailedOptional Finishing
354 silly runTopLevelLifecycles Finishing
355 silly install printInstalled
356 verbose stack Error: Command failed: git -c core.longpaths=true clone C:\Users\john_kuo\AppData\Local\.meteor\packages\meteor-tool\1.4.2_5\mt-os.windows.x86_32\dev_bundle\.npm\_git-remotes\git-https-github-com-debris-bignumber-js-git-94d7146671b9719e00a09c29b01a691bc85048c2-df3f1ce1 C:\Users\john_kuo\AppData\Local\Temp\npm-6592-fa47a4dd\git-cache-89bee054\94d7146671b9719e00a09c29b01a691bc85048c2
356 verbose stack Cloning into 'C:\Users\john_kuo\AppData\Local\Temp\npm-6592-fa47a4dd\git-cache-89bee054\94d7146671b9719e00a09c29b01a691bc85048c2'...
356 verbose stack error: cannot spawn sh: No such file or directory
356 verbose stack fatal: unable to fork
356 verbose stack
356 verbose stack     at ChildProcess.exithandler (child_process.js:213:12)
356 verbose stack     at emitTwo (events.js:87:13)
356 verbose stack     at ChildProcess.emit (events.js:172:7)
356 verbose stack     at maybeClose (internal/child_process.js:854:16)
356 verbose stack     at Process.ChildProcess._handle.onexit (internal/child_process.js:222:5)
357 verbose cwd C:\Users\john_kuo\Desktop\Block-Farm\app
358 error Windows_NT 6.1.7601
359 error argv "C:\\Users\\john_kuo\\AppData\\Local\\.meteor\\packages\\meteor-tool\\1.4.2_5\\mt-os.windows.x86_32\\dev_bundle\\bin\\node.exe" "C:\\Users\\john_kuo\\AppData\\Local\\.meteor\\packages\\meteor-tool\\1.4.2_5\\mt-os.windows.x86_32\\dev_bundle\\lib\\node_modules\\npm\\bin\\npm-cli.js" "install"
360 error node v4.7.3
361 error npm  v4.1.2
362 error code 128
363 error Command failed: git -c core.longpaths=true clone C:\Users\john_kuo\AppData\Local\.meteor\packages\meteor-tool\1.4.2_5\mt-os.windows.x86_32\dev_bundle\.npm\_git-remotes\git-https-github-com-debris-bignumber-js-git-94d7146671b9719e00a09c29b01a691bc85048c2-df3f1ce1 C:\Users\john_kuo\AppData\Local\Temp\npm-6592-fa47a4dd\git-cache-89bee054\94d7146671b9719e00a09c29b01a691bc85048c2
363 error Cloning into 'C:\Users\john_kuo\AppData\Local\Temp\npm-6592-fa47a4dd\git-cache-89bee054\94d7146671b9719e00a09c29b01a691bc85048c2'...
363 error error: cannot spawn sh: No such file or directory
363 error fatal: unable to fork
364 error If you need help, you may report this error at:
364 error     <https://github.com/npm/npm/issues>
365 verbose exit [ 1, true ]
